<?xml version="1.0" encoding="UTF-8"?>
<coverage generated="1602261055062" clover="3.2.0">
  <project timestamp="1602261055062" name="All files">
    <metrics statements="8" coveredstatements="8" conditionals="4" coveredconditionals="4" methods="2" coveredmethods="2" elements="14" coveredelements="14" complexity="0" loc="8" ncloc="8" packages="1" files="2" classes="2"/>
    <file name="Computed.vue" path="/home/jinx/Programming/vue-testing/test-sample/src/components/Computed.vue">
      <metrics statements="7" coveredstatements="7" conditionals="4" coveredconditionals="4" methods="1" coveredmethods="1"/>
      <line num="18" count="2" type="stmt"/>
      <line num="19" count="2" type="stmt"/>
      <line num="21" count="2" type="stmt"/>
      <line num="22" count="18" type="cond" truecount="2" falsecount="0"/>
      <line num="23" count="8" type="stmt"/>
      <line num="25" count="10" type="stmt"/>
      <line num="29" count="2" type="cond" truecount="2" falsecount="0"/>
    </file>
    <file name="Rendering.vue" path="/home/jinx/Programming/vue-testing/test-sample/src/components/Rendering.vue">
      <metrics statements="1" coveredstatements="1" conditionals="0" coveredconditionals="0" methods="1" coveredmethods="1"/>
      <line num="10" count="1" type="stmt"/>
    </file>
  </project>
</coverage>
