{"/home/jinx/Programming/vue-testing/test-sample/src/components/Computed.vue": {"path":"/home/jinx/Programming/vue-testing/test-sample/src/components/Computed.vue","statementMap":{"0":{"start":{"line":18,"column":0},"end":{"line":18,"column":null}},"1":{"start":{"line":19,"column":0},"end":{"line":19,"column":null}},"2":{"start":{"line":21,"column":0},"end":{"line":27,"column":null}},"3":{"start":{"line":21,"column":0},"end":{"line":21,"column":null}},"4":{"start":{"line":22,"column":0},"end":{"line":26,"column":null}},"5":{"start":{"line":23,"column":0},"end":{"line":23,"column":null}},"6":{"start":{"line":25,"column":0},"end":{"line":25,"column":null}},"7":{"start":{"line":29,"column":0},"end":{"line":29,"column":null}}},"fnMap":{"0":{"name":"(anonymous_1)","decl":{"start":{"line":17,"column":0},"end":{"line":17,"column":null}},"loc":{"start":{"line":17,"column":0},"end":{"line":30,"column":null}}}},"branchMap":{"0":{"loc":{"start":{"line":22,"column":0},"end":{"line":26,"column":null}},"type":"if","locations":[{"start":{"line":22,"column":0},"end":{"line":26,"column":null}},{"start":{"line":22,"column":0},"end":{"line":26,"column":null}}]},"1":{"loc":{"start":{"line":29,"column":0},"end":{"line":29,"column":null}},"type":"cond-expr","locations":[{"start":{"line":29,"column":0},"end":{"line":29,"column":null}},{"start":{"line":29,"column":0},"end":{"line":29,"column":null}}]}},"s":{"0":2,"1":2,"2":2,"3":2,"4":18,"5":8,"6":10,"7":2},"f":{"0":2},"b":{"0":[8,10],"1":[1,1]}}
,"/home/jinx/Programming/vue-testing/test-sample/src/components/Rendering.vue": {"path":"/home/jinx/Programming/vue-testing/test-sample/src/components/Rendering.vue","statementMap":{"0":{"start":{"line":10,"column":0},"end":{"line":10,"column":null}}},"fnMap":{"0":{"name":"(anonymous_1)","decl":{"start":{"line":9,"column":0},"end":{"line":9,"column":null}},"loc":{"start":{"line":9,"column":0},"end":{"line":13,"column":null}}}},"branchMap":{},"s":{"0":1},"f":{"0":1},"b":{}}
}
